<html>
<head>
<title>TestNG:  Default test</title>
<link href="../testng.css" rel="stylesheet" type="text/css" />
<link href="../my-testng.css" rel="stylesheet" type="text/css" />

<style type="text/css">
.log { display: none;} 
.stack-trace { display: none;} 
</style>
<script type="text/javascript">
<!--
function flip(e) {
  current = e.style.display;
  if (current == 'block') {
    e.style.display = 'none';
    return 0;
  }
  else {
    e.style.display = 'block';
    return 1;
  }
}

function toggleBox(szDivId, elem, msg1, msg2)
{
  var res = -1;  if (document.getElementById) {
    res = flip(document.getElementById(szDivId));
  }
  else if (document.all) {
    // this is the way old msie versions work
    res = flip(document.all[szDivId]);
  }
  if(elem) {
    if(res == 0) elem.innerHTML = msg1; else elem.innerHTML = msg2;
  }

}

function toggleAllBoxes() {
  if (document.getElementsByTagName) {
    d = document.getElementsByTagName('div');
    for (i = 0; i < d.length; i++) {
      if (d[i].className == 'log') {
        flip(d[i]);
      }
    }
  }
}

// -->
</script>

</head>
<body>
<h2 align='center'>Default test</h2><table border='1' align="center">
<tr>
<td>Tests passed/Failed/Skipped:</td><td>0/1/0</td>
</tr><tr>
<td>Started on:</td><td>Mon Feb 29 21:29:13 CST 2016</td>
</tr>
<tr><td>Total time:</td><td>56 seconds (56103 ms)</td>
</tr><tr>
<td>Included groups:</td><td></td>
</tr><tr>
<td>Excluded groups:</td><td></td>
</tr>
</table><p/>
<small><i>(Hover the method name to see the test class name)</i></small><p/>
<table width='100%' border='1' class='invocation-failed'>
<tr><td colspan='4' align='center'><b>FAILED TESTS</b></td></tr>
<tr><td><b>Test method</b></td>
<td width="30%"><b>Exception</b></td>
<td width="10%"><b>Time (seconds)</b></td>
<td><b>Instance</b></td>
</tr>
<tr>
<td title='test5.test5.NewTest.f()'><b>f</b><br>Test class: test5.test5.NewTest</td>
<td><div><pre>org.openqa.selenium.WebDriverException: Failed to connect to binary FirefoxBinary(C:\Program Files\Mozilla Firefox\firefox.exe) on port 7055; process output follows: 
un@resource://gre/modules/Task.jsm:314:40
TaskImpl@resource://gre/modules/Task.jsm:275:3
createAsyncFunction/asyncFunction@resource://gre/modules/Task.jsm:249:14
loadManifestFromFile@resource://gre/modules/addons/XPIProvider.jsm:1327:12
AddonInstaller.InstallerService._shouldInstall/&lt;@resource://addoninstaller/installerService.js:341:49
safeCall@resource://gre/modules/AddonManager.jsm:173:5
makeSafe/&lt;@resource://gre/modules/AddonManager.jsm:189:25
Handler.prototype.process@resource://gre/modules/Promise.jsm -&gt; resource://gre/modules/Promise-backend.js:934:23
this.PromiseWalker.walkerLoop@resource://gre/modules/Promise.jsm -&gt; resource://gre/modules/Promise-backend.js:813:7
this.PromiseWalker.scheduleWalkerLoop/&lt;@resource://gre/modules/Promise.jsm -&gt; resource://gre/modules/Promise-backend.js:747:1

*************************
*************************
A coding exception was thrown and uncaught in a Task.

Full message: TypeError: aAddon._installLocation is undefined
Full stack: shouldVerifySignedState@resource://gre/modules/addons/XPIProvider.jsm:1530:1
verifyZipSignedState@resource://gre/modules/addons/XPIProvider.jsm:1556:8
loadManifestFromZipReader@resource://gre/modules/addons/XPIProvider.jsm:1287:31
TaskImpl_run@resource://gre/modules/Task.jsm:314:40
TaskImpl@resource://gre/modules/Task.jsm:275:3
createAsyncFunction/asyncFunction@resource://gre/modules/Task.jsm:249:14
loadManifestFromZipFile@resource://gre/modules/addons/XPIProvider.jsm:1317:26
TaskImpl_run@resource://gre/modules/Task.jsm:314:40
TaskImpl@resource://gre/modules/Task.jsm:275:3
createAsyncFunction/asyncFunction@resource://gre/modules/Task.jsm:249:14
loadManifestFromFile@resource://gre/modules/addons/XPIProvider.jsm:1327:12
AddonInstaller.InstallerService._shouldInstall/&lt;@resource://addoninstaller/installerService.js:341:49
safeCall@resource://gre/modules/AddonManager.jsm:173:5
makeSafe/&lt;@resource://gre/modules/AddonManager.jsm:189:25
Handler.prototype.process@resource://gre/modules/Promise.jsm -&gt; resource://gre/modules/Promise-backend.js:934:23
this.PromiseWalker.walkerLoop@resource://gre/modules/Promise.jsm -&gt; resource://gre/modules/Promise-backend.js:813:7
this.PromiseWalker.scheduleWalkerLoop/&lt;@resource://gre/modules/Promise.jsm -&gt; resource://gre/modules/Promise-backend.js:747:1

*************************
*************************
A coding exception was thrown and uncaught in a Task.

Full message: TypeError: aAddon._installLocation is undefined
Full stack: shouldVerifySignedState@resource://gre/modules/addons/XPIProvider.jsm:1530:1
verifyZipSignedState@resource://gre/modules/addons/XPIProvider.jsm:1556:8
loadManifestFromZipReader@resource://gre/modules/addons/XPIProvider.jsm:1287:31
TaskImpl_run@resource://gre/modules/Task.jsm:314:40
TaskImpl@resource://gre/modules/Task.jsm:275:3
createAsyncFunction/asyncFunction@resource://gre/modules/Task.jsm:249:14
loadManifestFromZipFile@resource://gre/modules/addons/XPIProvider.jsm:1317:26
TaskImpl_run@resource://gre/modules/Task.jsm:314:40
TaskImpl@resource://gre/modules/Task.jsm:275:3
createAsyncFunction/asyncFunction@resource://gre/modules/Task.jsm:249:14
loadManifestFromFile@resource://gre/modules/addons/XPIProvider.jsm:1327:12
AddonInstaller.InstallerService._shouldInstall/&lt;@resource://addoninstaller/installerService.js:341:49
safeCall@resource://gre/modules/AddonManager.jsm:173:5
makeSafe/&lt;@resource://gre/modules/AddonManager.jsm:189:25
Handler.prototype.process@resource://gre/modules/Promise.jsm -&gt; resource://gre/modules/Promise-backend.js:934:23
this.PromiseWalker.walkerLoop@resource://gre/modules/Promise.jsm -&gt; resource://gre/modules/Promise-backend.js:813:7
this.PromiseWalker.scheduleWalkerLoop/&lt;@resource://gre/modules/Promise.jsm -&gt; resource://gre/modules/Promise-backend.js:747:1

*************************
1456752565086	addons.manager	DEBUG	Starting provider: &lt;unnamed-provider&gt;
1456752565086	addons.manager	DEBUG	Registering shutdown blocker for &lt;unnamed-provider&gt;
1456752565087	addons.manager	DEBUG	Provider finished startup: &lt;unnamed-provider&gt;

Build info: version: &apos;2.45.0&apos;, revision: &apos;5017cb8e7ca8e37638dc3091b2440b90a1d8686f&apos;, time: &apos;2015-02-27 09:10:26&apos;
System info: host: &apos;WIN-2E3NJE2T6HG&apos;, ip: &apos;192.168.0.102&apos;, os.name: &apos;Windows 7&apos;, os.arch: &apos;x86&apos;, os.version: &apos;6.1&apos;, java.version: &apos;1.8.0_51&apos;
Driver info: driver.version: FirefoxDriver
	at org.openqa.selenium.firefox.internal.NewProfileExtensionConnection.start(NewProfileExtensionConnection.java:130)
	at org.openqa.selenium.firefox.FirefoxDriver.startClient(FirefoxDriver.java:246)
	at org.openqa.selenium.remote.RemoteWebDriver.&lt;init&gt;(RemoteWebDriver.java:114)
	at org.openqa.selenium.firefox.FirefoxDriver.&lt;init&gt;(FirefoxDriver.java:191)
	at org.openqa.selenium.firefox.FirefoxDriver.&lt;init&gt;(FirefoxDriver.java:186)
	at org.openqa.selenium.firefox.FirefoxDriver.&lt;init&gt;(FirefoxDriver.java:182)
	at org.openqa.selenium.firefox.FirefoxDriver.&lt;init&gt;(FirefoxDriver.java:95)
	at test5.test5.firefox.openBaidu(firefox.java:61)
	at test5.test5.NewTest.f(NewTest.java:12)
	at sun.reflect.NativeMethodAccessorImpl.invoke0(Native Method)
	at sun.reflect.NativeMethodAccessorImpl.invoke(Unknown Source)
	at sun.reflect.DelegatingMethodAccessorImpl.invoke(Unknown Source)
	at java.lang.reflect.Method.invoke(Unknown Source)
	at org.testng.internal.MethodInvocationHelper.invokeMethod(MethodInvocationHelper.java:85)
	at org.testng.internal.Invoker.invokeMethod(Invoker.java:659)
	at org.testng.internal.Invoker.invokeTestMethod(Invoker.java:845)
	at org.testng.internal.Invoker.invokeTestMethods(Invoker.java:1153)
	at org.testng.internal.TestMethodWorker.invokeTestMethods(TestMethodWorker.java:125)
	at org.testng.internal.TestMethodWorker.run(TestMethodWorker.java:108)
	at org.testng.TestRunner.privateRun(TestRunner.java:771)
	at org.testng.TestRunner.run(TestRunner.java:621)
	at org.testng.SuiteRunner.runTest(SuiteRunner.java:357)
	at org.testng.SuiteRunner.runSequentially(SuiteRunner.java:352)
	at org.testng.SuiteRunner.privateRun(SuiteRunner.java:310)
	at org.testng.SuiteRunner.run(SuiteRunner.java:259)
	at org.testng.SuiteRunnerWorker.runSuite(SuiteRunnerWorker.java:52)
	at org.testng.SuiteRunnerWorker.run(SuiteRunnerWorker.java:86)
	at org.testng.TestNG.runSuitesSequentially(TestNG.java:1199)
	at org.testng.TestNG.runSuitesLocally(TestNG.java:1124)
	at org.testng.TestNG.run(TestNG.java:1032)
	at org.testng.remote.RemoteTestNG.run(RemoteTestNG.java:111)
	at org.testng.remote.RemoteTestNG.initAndRun(RemoteTestNG.java:204)
	at org.testng.remote.RemoteTestNG.main(RemoteTestNG.java:175)
Caused by: org.openqa.selenium.firefox.NotConnectedException: Unable to connect to host 127.0.0.1 on port 7055 after 45000 ms. Firefox console output:
un@resource://gre/modules/Task.jsm:314:40
TaskImpl@resource://gre/modules/Task.jsm:275:3
createAsyncFunction/asyncFunction@resource://gre/modules/Task.jsm:249:14
loadManifestFromFile@resource://gre/modules/addons/XPIProvider.jsm:1327:12
AddonInstaller.InstallerService._shouldInstall/&lt;@resource://addoninstaller/installerService.js:341:49
safeCall@resource://gre/modules/AddonManager.jsm:173:5
makeSafe/&lt;@resource://gre/modules/AddonManager.jsm:189:25
Handler.prototype.process@resource://gre/modules/Promise.jsm -&gt; resource://gre/modules/Promise-backend.js:934:23
this.PromiseWalker.walkerLoop@resource://gre/modules/Promise.jsm -&gt; resource://gre/modules/Promise-backend.js:813:7
this.PromiseWalker.scheduleWalkerLoop/&lt;@resource://gre/modules/Promise.jsm -&gt; resource://gre/modules/Promise-backend.js:747:1

*************************
*************************
A coding exception was thrown and uncaught in a Task.

Full message: TypeError: aAddon._installLocation is undefined
Full stack: shouldVerifySignedState@resource://gre/modules/addons/XPIProvider.jsm:1530:1
verifyZipSignedState@resource://gre/modules/addons/XPIProvider.jsm:1556:8
loadManifestFromZipReader@resource://gre/modules/addons/XPIProvider.jsm:1287:31
TaskImpl_run@resource://gre/modules/Task.jsm:314:40
TaskImpl@resource://gre/modules/Task.jsm:275:3
createAsyncFunction/asyncFunction@resource://gre/modules/Task.jsm:249:14
loadManifestFromZipFile@resource://gre/modules/addons/XPIProvider.jsm:1317:26
TaskImpl_run@resource://gre/modules/Task.jsm:314:40
TaskImpl@resource://gre/modules/Task.jsm:275:3
createAsyncFunction/asyncFunction@resource://gre/modules/Task.jsm:249:14
loadManifestFromFile@resource://gre/modules/addons/XPIProvider.jsm:1327:12
AddonInstaller.InstallerService._shouldInstall/&lt;@resource://addoninstaller/installerService.js:341:49
safeCall@resource://gre/modules/AddonManager.jsm:173:5
makeSafe/&lt;@resource://gre/modules/AddonManager.jsm:189:25
Handler.prototype.process@resource://gre/modules/Promise.jsm -&gt; resource://gre/modules/Promise-backend.js:934:23
this.PromiseWalker.walkerLoop@resource://gre/modules/Promise.jsm -&gt; resource://gre/modules/Promise-backend.js:813:7
this.PromiseWalker.scheduleWalkerLoop/&lt;@resource://gre/modules/Promise.jsm -&gt; resource://gre/modules/Promise-backend.js:747:1

*************************
*************************
A coding exception was thrown and uncaught in a Task.

Full message: TypeError: aAddon._installLocation is undefined
Full stack: shouldVerifySignedState@resource://gre/modules/addons/XPIProvider.jsm:1530:1
verifyZipSignedState@resource://gre/modules/addons/XPIProvider.jsm:1556:8
loadManifestFromZipReader@resource://gre/modules/addons/XPIProvider.jsm:1287:31
TaskImpl_run@resource://gre/modules/Task.jsm:314:40
TaskImpl@resource://gre/modules/Task.jsm:275:3
createAsyncFunction/asyncFunction@resource://gre/modules/Task.jsm:249:14
loadManifestFromZipFile@resource://gre/modules/addons/XPIProvider.jsm:1317:26
TaskImpl_run@resource://gre/modules/Task.jsm:314:40
TaskImpl@resource://gre/modules/Task.jsm:275:3
createAsyncFunction/asyncFunction@resource://gre/modules/Task.jsm:249:14
loadManifestFromFile@resource://gre/modules/addons/XPIProvider.jsm:1327:12
AddonInstaller.InstallerService._shouldInstall/&lt;@resource://addoninstaller/installerService.js:341:49
safeCall@resource://gre/modules/AddonManager.jsm:173:5
makeSafe/&lt;@resource://gre/modules/AddonManager.jsm:189:25
Handler.prototype.process@resource://gre/modules/Promise.jsm -&gt; resource://gre/modules/Promise-backend.js:934:23
this.PromiseWalker.walkerLoop@resource://gre/modules/Promise.jsm -&gt; resource://gre/modules/Promise-backend.js:813:7
this.PromiseWalker.scheduleWalkerLoop/&lt;@resource://gre/modules/Promise.jsm -&gt; resource://gre/modules/Promise-backend.js:747:1

*************************
1456752565086	addons.manager	DEBUG	Starting provider: &lt;unnamed-provider&gt;
1456752565086	addons.manager	DEBUG	Registering shutdown blocker for &lt;unnamed-provider&gt;
1456752565087	addons.manager	DEBUG	Provider finished startup: &lt;unnamed-provider&gt;

	at org.openqa.selenium.firefox.internal.NewProfileExtensionConnection.start(NewProfileExtensionConnection.java:118)
	... 32 more
</pre></div><a href='#' onClick='toggleBox("stack-trace26768214", this, "Click to show all stack frames", "Click to hide stack frames")'>Click to show all stack frames</a>
<div class='stack-trace' id='stack-trace26768214'><pre>org.openqa.selenium.WebDriverException: Failed to connect to binary FirefoxBinary(C:\Program Files\Mozilla Firefox\firefox.exe) on port 7055; process output follows: 
un@resource://gre/modules/Task.jsm:314:40
TaskImpl@resource://gre/modules/Task.jsm:275:3
createAsyncFunction/asyncFunction@resource://gre/modules/Task.jsm:249:14
loadManifestFromFile@resource://gre/modules/addons/XPIProvider.jsm:1327:12
AddonInstaller.InstallerService._shouldInstall/&lt;@resource://addoninstaller/installerService.js:341:49
safeCall@resource://gre/modules/AddonManager.jsm:173:5
makeSafe/&lt;@resource://gre/modules/AddonManager.jsm:189:25
Handler.prototype.process@resource://gre/modules/Promise.jsm -&gt; resource://gre/modules/Promise-backend.js:934:23
this.PromiseWalker.walkerLoop@resource://gre/modules/Promise.jsm -&gt; resource://gre/modules/Promise-backend.js:813:7
this.PromiseWalker.scheduleWalkerLoop/&lt;@resource://gre/modules/Promise.jsm -&gt; resource://gre/modules/Promise-backend.js:747:1

*************************
*************************
A coding exception was thrown and uncaught in a Task.

Full message: TypeError: aAddon._installLocation is undefined
Full stack: shouldVerifySignedState@resource://gre/modules/addons/XPIProvider.jsm:1530:1
verifyZipSignedState@resource://gre/modules/addons/XPIProvider.jsm:1556:8
loadManifestFromZipReader@resource://gre/modules/addons/XPIProvider.jsm:1287:31
TaskImpl_run@resource://gre/modules/Task.jsm:314:40
TaskImpl@resource://gre/modules/Task.jsm:275:3
createAsyncFunction/asyncFunction@resource://gre/modules/Task.jsm:249:14
loadManifestFromZipFile@resource://gre/modules/addons/XPIProvider.jsm:1317:26
TaskImpl_run@resource://gre/modules/Task.jsm:314:40
TaskImpl@resource://gre/modules/Task.jsm:275:3
createAsyncFunction/asyncFunction@resource://gre/modules/Task.jsm:249:14
loadManifestFromFile@resource://gre/modules/addons/XPIProvider.jsm:1327:12
AddonInstaller.InstallerService._shouldInstall/&lt;@resource://addoninstaller/installerService.js:341:49
safeCall@resource://gre/modules/AddonManager.jsm:173:5
makeSafe/&lt;@resource://gre/modules/AddonManager.jsm:189:25
Handler.prototype.process@resource://gre/modules/Promise.jsm -&gt; resource://gre/modules/Promise-backend.js:934:23
this.PromiseWalker.walkerLoop@resource://gre/modules/Promise.jsm -&gt; resource://gre/modules/Promise-backend.js:813:7
this.PromiseWalker.scheduleWalkerLoop/&lt;@resource://gre/modules/Promise.jsm -&gt; resource://gre/modules/Promise-backend.js:747:1

*************************
*************************
A coding exception was thrown and uncaught in a Task.

Full message: TypeError: aAddon._installLocation is undefined
Full stack: shouldVerifySignedState@resource://gre/modules/addons/XPIProvider.jsm:1530:1
verifyZipSignedState@resource://gre/modules/addons/XPIProvider.jsm:1556:8
loadManifestFromZipReader@resource://gre/modules/addons/XPIProvider.jsm:1287:31
TaskImpl_run@resource://gre/modules/Task.jsm:314:40
TaskImpl@resource://gre/modules/Task.jsm:275:3
createAsyncFunction/asyncFunction@resource://gre/modules/Task.jsm:249:14
loadManifestFromZipFile@resource://gre/modules/addons/XPIProvider.jsm:1317:26
TaskImpl_run@resource://gre/modules/Task.jsm:314:40
TaskImpl@resource://gre/modules/Task.jsm:275:3
createAsyncFunction/asyncFunction@resource://gre/modules/Task.jsm:249:14
loadManifestFromFile@resource://gre/modules/addons/XPIProvider.jsm:1327:12
AddonInstaller.InstallerService._shouldInstall/&lt;@resource://addoninstaller/installerService.js:341:49
safeCall@resource://gre/modules/AddonManager.jsm:173:5
makeSafe/&lt;@resource://gre/modules/AddonManager.jsm:189:25
Handler.prototype.process@resource://gre/modules/Promise.jsm -&gt; resource://gre/modules/Promise-backend.js:934:23
this.PromiseWalker.walkerLoop@resource://gre/modules/Promise.jsm -&gt; resource://gre/modules/Promise-backend.js:813:7
this.PromiseWalker.scheduleWalkerLoop/&lt;@resource://gre/modules/Promise.jsm -&gt; resource://gre/modules/Promise-backend.js:747:1

*************************
1456752565086	addons.manager	DEBUG	Starting provider: &lt;unnamed-provider&gt;
1456752565086	addons.manager	DEBUG	Registering shutdown blocker for &lt;unnamed-provider&gt;
1456752565087	addons.manager	DEBUG	Provider finished startup: &lt;unnamed-provider&gt;

Build info: version: &apos;2.45.0&apos;, revision: &apos;5017cb8e7ca8e37638dc3091b2440b90a1d8686f&apos;, time: &apos;2015-02-27 09:10:26&apos;
System info: host: &apos;WIN-2E3NJE2T6HG&apos;, ip: &apos;192.168.0.102&apos;, os.name: &apos;Windows 7&apos;, os.arch: &apos;x86&apos;, os.version: &apos;6.1&apos;, java.version: &apos;1.8.0_51&apos;
Driver info: driver.version: FirefoxDriver
	at org.openqa.selenium.firefox.internal.NewProfileExtensionConnection.start(NewProfileExtensionConnection.java:130)
	at org.openqa.selenium.firefox.FirefoxDriver.startClient(FirefoxDriver.java:246)
	at org.openqa.selenium.remote.RemoteWebDriver.&lt;init&gt;(RemoteWebDriver.java:114)
	at org.openqa.selenium.firefox.FirefoxDriver.&lt;init&gt;(FirefoxDriver.java:191)
	at org.openqa.selenium.firefox.FirefoxDriver.&lt;init&gt;(FirefoxDriver.java:186)
	at org.openqa.selenium.firefox.FirefoxDriver.&lt;init&gt;(FirefoxDriver.java:182)
	at org.openqa.selenium.firefox.FirefoxDriver.&lt;init&gt;(FirefoxDriver.java:95)
	at test5.test5.firefox.openBaidu(firefox.java:61)
	at test5.test5.NewTest.f(NewTest.java:12)
	at sun.reflect.NativeMethodAccessorImpl.invoke0(Native Method)
	at sun.reflect.NativeMethodAccessorImpl.invoke(Unknown Source)
	at sun.reflect.DelegatingMethodAccessorImpl.invoke(Unknown Source)
	at java.lang.reflect.Method.invoke(Unknown Source)
	at org.testng.internal.MethodInvocationHelper.invokeMethod(MethodInvocationHelper.java:85)
	at org.testng.internal.Invoker.invokeMethod(Invoker.java:659)
	at org.testng.internal.Invoker.invokeTestMethod(Invoker.java:845)
	at org.testng.internal.Invoker.invokeTestMethods(Invoker.java:1153)
	at org.testng.internal.TestMethodWorker.invokeTestMethods(TestMethodWorker.java:125)
	at org.testng.internal.TestMethodWorker.run(TestMethodWorker.java:108)
	at org.testng.TestRunner.privateRun(TestRunner.java:771)
	at org.testng.TestRunner.run(TestRunner.java:621)
	at org.testng.SuiteRunner.runTest(SuiteRunner.java:357)
	at org.testng.SuiteRunner.runSequentially(SuiteRunner.java:352)
	at org.testng.SuiteRunner.privateRun(SuiteRunner.java:310)
	at org.testng.SuiteRunner.run(SuiteRunner.java:259)
	at org.testng.SuiteRunnerWorker.runSuite(SuiteRunnerWorker.java:52)
	at org.testng.SuiteRunnerWorker.run(SuiteRunnerWorker.java:86)
	at org.testng.TestNG.runSuitesSequentially(TestNG.java:1199)
	at org.testng.TestNG.runSuitesLocally(TestNG.java:1124)
	at org.testng.TestNG.run(TestNG.java:1032)
	at org.testng.remote.RemoteTestNG.run(RemoteTestNG.java:111)
	at org.testng.remote.RemoteTestNG.initAndRun(RemoteTestNG.java:204)
	at org.testng.remote.RemoteTestNG.main(RemoteTestNG.java:175)
Caused by: org.openqa.selenium.firefox.NotConnectedException: Unable to connect to host 127.0.0.1 on port 7055 after 45000 ms. Firefox console output:
un@resource://gre/modules/Task.jsm:314:40
TaskImpl@resource://gre/modules/Task.jsm:275:3
createAsyncFunction/asyncFunction@resource://gre/modules/Task.jsm:249:14
loadManifestFromFile@resource://gre/modules/addons/XPIProvider.jsm:1327:12
AddonInstaller.InstallerService._shouldInstall/&lt;@resource://addoninstaller/installerService.js:341:49
safeCall@resource://gre/modules/AddonManager.jsm:173:5
makeSafe/&lt;@resource://gre/modules/AddonManager.jsm:189:25
Handler.prototype.process@resource://gre/modules/Promise.jsm -&gt; resource://gre/modules/Promise-backend.js:934:23
this.PromiseWalker.walkerLoop@resource://gre/modules/Promise.jsm -&gt; resource://gre/modules/Promise-backend.js:813:7
this.PromiseWalker.scheduleWalkerLoop/&lt;@resource://gre/modules/Promise.jsm -&gt; resource://gre/modules/Promise-backend.js:747:1

*************************
*************************
A coding exception was thrown and uncaught in a Task.

Full message: TypeError: aAddon._installLocation is undefined
Full stack: shouldVerifySignedState@resource://gre/modules/addons/XPIProvider.jsm:1530:1
verifyZipSignedState@resource://gre/modules/addons/XPIProvider.jsm:1556:8
loadManifestFromZipReader@resource://gre/modules/addons/XPIProvider.jsm:1287:31
TaskImpl_run@resource://gre/modules/Task.jsm:314:40
TaskImpl@resource://gre/modules/Task.jsm:275:3
createAsyncFunction/asyncFunction@resource://gre/modules/Task.jsm:249:14
loadManifestFromZipFile@resource://gre/modules/addons/XPIProvider.jsm:1317:26
TaskImpl_run@resource://gre/modules/Task.jsm:314:40
TaskImpl@resource://gre/modules/Task.jsm:275:3
createAsyncFunction/asyncFunction@resource://gre/modules/Task.jsm:249:14
loadManifestFromFile@resource://gre/modules/addons/XPIProvider.jsm:1327:12
AddonInstaller.InstallerService._shouldInstall/&lt;@resource://addoninstaller/installerService.js:341:49
safeCall@resource://gre/modules/AddonManager.jsm:173:5
makeSafe/&lt;@resource://gre/modules/AddonManager.jsm:189:25
Handler.prototype.process@resource://gre/modules/Promise.jsm -&gt; resource://gre/modules/Promise-backend.js:934:23
this.PromiseWalker.walkerLoop@resource://gre/modules/Promise.jsm -&gt; resource://gre/modules/Promise-backend.js:813:7
this.PromiseWalker.scheduleWalkerLoop/&lt;@resource://gre/modules/Promise.jsm -&gt; resource://gre/modules/Promise-backend.js:747:1

*************************
*************************
A coding exception was thrown and uncaught in a Task.

Full message: TypeError: aAddon._installLocation is undefined
Full stack: shouldVerifySignedState@resource://gre/modules/addons/XPIProvider.jsm:1530:1
verifyZipSignedState@resource://gre/modules/addons/XPIProvider.jsm:1556:8
loadManifestFromZipReader@resource://gre/modules/addons/XPIProvider.jsm:1287:31
TaskImpl_run@resource://gre/modules/Task.jsm:314:40
TaskImpl@resource://gre/modules/Task.jsm:275:3
createAsyncFunction/asyncFunction@resource://gre/modules/Task.jsm:249:14
loadManifestFromZipFile@resource://gre/modules/addons/XPIProvider.jsm:1317:26
TaskImpl_run@resource://gre/modules/Task.jsm:314:40
TaskImpl@resource://gre/modules/Task.jsm:275:3
createAsyncFunction/asyncFunction@resource://gre/modules/Task.jsm:249:14
loadManifestFromFile@resource://gre/modules/addons/XPIProvider.jsm:1327:12
AddonInstaller.InstallerService._shouldInstall/&lt;@resource://addoninstaller/installerService.js:341:49
safeCall@resource://gre/modules/AddonManager.jsm:173:5
makeSafe/&lt;@resource://gre/modules/AddonManager.jsm:189:25
Handler.prototype.process@resource://gre/modules/Promise.jsm -&gt; resource://gre/modules/Promise-backend.js:934:23
this.PromiseWalker.walkerLoop@resource://gre/modules/Promise.jsm -&gt; resource://gre/modules/Promise-backend.js:813:7
this.PromiseWalker.scheduleWalkerLoop/&lt;@resource://gre/modules/Promise.jsm -&gt; resource://gre/modules/Promise-backend.js:747:1

*************************
1456752565086	addons.manager	DEBUG	Starting provider: &lt;unnamed-provider&gt;
1456752565086	addons.manager	DEBUG	Registering shutdown blocker for &lt;unnamed-provider&gt;
1456752565087	addons.manager	DEBUG	Provider finished startup: &lt;unnamed-provider&gt;

	at org.openqa.selenium.firefox.internal.NewProfileExtensionConnection.start(NewProfileExtensionConnection.java:118)
	... 32 more
</pre></div></td>
<td>56</td>
<td>test5.test5.NewTest@580929</td></tr>
</table><p>
</body>
</html>