<!DOCTYPE html PUBLIC "-//W3C//DTD XHTML 1.1//EN" "http://www.w3.org/TR/xhtml11/DTD/xhtml11.dtd">
<html xmlns="http://www.w3.org/1999/xhtml"><head><title>TestNG Report</title><style type="text/css">table {margin-bottom:10px;border-collapse:collapse;empty-cells:show}th,td {border:1px solid #009;padding:.25em .5em}th {vertical-align:bottom}td {vertical-align:top}table a {font-weight:bold}.stripe td {background-color: #E6EBF9}.num {text-align:right}.passedodd td {background-color: #3F3}.passedeven td {background-color: #0A0}.skippedodd td {background-color: #DDD}.skippedeven td {background-color: #CCC}.failedodd td,.attn {background-color: #F33}.failedeven td,.stripe .attn {background-color: #D00}.stacktrace {white-space:pre;font-family:monospace}.totop {font-size:85%;text-align:center;border-bottom:2px solid #000}</style></head><body><table><tr><th>Test</th><th># Passed</th><th># Skipped</th><th># Failed</th><th>Time (ms)</th><th>Included Groups</th><th>Excluded Groups</th></tr><tr><th colspan="7">Default suite</th></tr><tr><td><a href="#t0">Default test</a></td><td class="num">0</td><td class="num">0</td><td class="num attn">1</td><td class="num">56,103</td><td></td><td></td></tr></table><table><thead><tr><th>Class</th><th>Method</th><th>Start</th><th>Time (ms)</th></tr></thead><tbody><tr><th colspan="4">Default suite</th></tr></tbody><tbody id="t0"><tr><th colspan="4">Default test &#8212; failed</th></tr><tr class="failedeven"><td rowspan="1">test5.test5.NewTest</td><td><a href="#m0">f</a></td><td rowspan="1">1456752553034</td><td rowspan="1">56072</td></tr></tbody></table><h2>Default test</h2><h3 id="m0">test5.test5.NewTest#f</h3><table class="result"><tr><th>Exception</th></tr><tr><td><div class="stacktrace">org.openqa.selenium.WebDriverException: Failed to connect to binary FirefoxBinary(C:\Program Files\Mozilla Firefox\firefox.exe) on port 7055; process output follows: 
un@resource://gre/modules/Task.jsm:314:40
TaskImpl@resource://gre/modules/Task.jsm:275:3
createAsyncFunction/asyncFunction@resource://gre/modules/Task.jsm:249:14
loadManifestFromFile@resource://gre/modules/addons/XPIProvider.jsm:1327:12
AddonInstaller.InstallerService._shouldInstall/&lt;@resource://addoninstaller/installerService.js:341:49
safeCall@resource://gre/modules/AddonManager.jsm:173:5
makeSafe/&lt;@resource://gre/modules/AddonManager.jsm:189:25
Handler.prototype.process@resource://gre/modules/Promise.jsm -&gt; resource://gre/modules/Promise-backend.js:934:23
this.PromiseWalker.walkerLoop@resource://gre/modules/Promise.jsm -&gt; resource://gre/modules/Promise-backend.js:813:7
this.PromiseWalker.scheduleWalkerLoop/&lt;@resource://gre/modules/Promise.jsm -&gt; resource://gre/modules/Promise-backend.js:747:1

*************************
*************************
A coding exception was thrown and uncaught in a Task.

Full message: TypeError: aAddon._installLocation is undefined
Full stack: shouldVerifySignedState@resource://gre/modules/addons/XPIProvider.jsm:1530:1
verifyZipSignedState@resource://gre/modules/addons/XPIProvider.jsm:1556:8
loadManifestFromZipReader@resource://gre/modules/addons/XPIProvider.jsm:1287:31
TaskImpl_run@resource://gre/modules/Task.jsm:314:40
TaskImpl@resource://gre/modules/Task.jsm:275:3
createAsyncFunction/asyncFunction@resource://gre/modules/Task.jsm:249:14
loadManifestFromZipFile@resource://gre/modules/addons/XPIProvider.jsm:1317:26
TaskImpl_run@resource://gre/modules/Task.jsm:314:40
TaskImpl@resource://gre/modules/Task.jsm:275:3
createAsyncFunction/asyncFunction@resource://gre/modules/Task.jsm:249:14
loadManifestFromFile@resource://gre/modules/addons/XPIProvider.jsm:1327:12
AddonInstaller.InstallerService._shouldInstall/&lt;@resource://addoninstaller/installerService.js:341:49
safeCall@resource://gre/modules/AddonManager.jsm:173:5
makeSafe/&lt;@resource://gre/modules/AddonManager.jsm:189:25
Handler.prototype.process@resource://gre/modules/Promise.jsm -&gt; resource://gre/modules/Promise-backend.js:934:23
this.PromiseWalker.walkerLoop@resource://gre/modules/Promise.jsm -&gt; resource://gre/modules/Promise-backend.js:813:7
this.PromiseWalker.scheduleWalkerLoop/&lt;@resource://gre/modules/Promise.jsm -&gt; resource://gre/modules/Promise-backend.js:747:1

*************************
*************************
A coding exception was thrown and uncaught in a Task.

Full message: TypeError: aAddon._installLocation is undefined
Full stack: shouldVerifySignedState@resource://gre/modules/addons/XPIProvider.jsm:1530:1
verifyZipSignedState@resource://gre/modules/addons/XPIProvider.jsm:1556:8
loadManifestFromZipReader@resource://gre/modules/addons/XPIProvider.jsm:1287:31
TaskImpl_run@resource://gre/modules/Task.jsm:314:40
TaskImpl@resource://gre/modules/Task.jsm:275:3
createAsyncFunction/asyncFunction@resource://gre/modules/Task.jsm:249:14
loadManifestFromZipFile@resource://gre/modules/addons/XPIProvider.jsm:1317:26
TaskImpl_run@resource://gre/modules/Task.jsm:314:40
TaskImpl@resource://gre/modules/Task.jsm:275:3
createAsyncFunction/asyncFunction@resource://gre/modules/Task.jsm:249:14
loadManifestFromFile@resource://gre/modules/addons/XPIProvider.jsm:1327:12
AddonInstaller.InstallerService._shouldInstall/&lt;@resource://addoninstaller/installerService.js:341:49
safeCall@resource://gre/modules/AddonManager.jsm:173:5
makeSafe/&lt;@resource://gre/modules/AddonManager.jsm:189:25
Handler.prototype.process@resource://gre/modules/Promise.jsm -&gt; resource://gre/modules/Promise-backend.js:934:23
this.PromiseWalker.walkerLoop@resource://gre/modules/Promise.jsm -&gt; resource://gre/modules/Promise-backend.js:813:7
this.PromiseWalker.scheduleWalkerLoop/&lt;@resource://gre/modules/Promise.jsm -&gt; resource://gre/modules/Promise-backend.js:747:1

*************************
1456752565086	addons.manager	DEBUG	Starting provider: &lt;unnamed-provider&gt;
1456752565086	addons.manager	DEBUG	Registering shutdown blocker for &lt;unnamed-provider&gt;
1456752565087	addons.manager	DEBUG	Provider finished startup: &lt;unnamed-provider&gt;

Build info: version: &apos;2.45.0&apos;, revision: &apos;5017cb8e7ca8e37638dc3091b2440b90a1d8686f&apos;, time: &apos;2015-02-27 09:10:26&apos;
System info: host: &apos;WIN-2E3NJE2T6HG&apos;, ip: &apos;192.168.0.102&apos;, os.name: &apos;Windows 7&apos;, os.arch: &apos;x86&apos;, os.version: &apos;6.1&apos;, java.version: &apos;1.8.0_51&apos;
Driver info: driver.version: FirefoxDriver
	at org.openqa.selenium.firefox.internal.NewProfileExtensionConnection.start(NewProfileExtensionConnection.java:130)
	at org.openqa.selenium.firefox.FirefoxDriver.startClient(FirefoxDriver.java:246)
	at org.openqa.selenium.remote.RemoteWebDriver.&lt;init&gt;(RemoteWebDriver.java:114)
	at org.openqa.selenium.firefox.FirefoxDriver.&lt;init&gt;(FirefoxDriver.java:191)
	at org.openqa.selenium.firefox.FirefoxDriver.&lt;init&gt;(FirefoxDriver.java:186)
	at org.openqa.selenium.firefox.FirefoxDriver.&lt;init&gt;(FirefoxDriver.java:182)
	at org.openqa.selenium.firefox.FirefoxDriver.&lt;init&gt;(FirefoxDriver.java:95)
	at test5.test5.firefox.openBaidu(firefox.java:61)
	at test5.test5.NewTest.f(NewTest.java:12)
	at sun.reflect.NativeMethodAccessorImpl.invoke0(Native Method)
	at sun.reflect.NativeMethodAccessorImpl.invoke(Unknown Source)
	at sun.reflect.DelegatingMethodAccessorImpl.invoke(Unknown Source)
	at java.lang.reflect.Method.invoke(Unknown Source)
	at org.testng.internal.MethodInvocationHelper.invokeMethod(MethodInvocationHelper.java:85)
	at org.testng.internal.Invoker.invokeMethod(Invoker.java:659)
	at org.testng.internal.Invoker.invokeTestMethod(Invoker.java:845)
	at org.testng.internal.Invoker.invokeTestMethods(Invoker.java:1153)
	at org.testng.internal.TestMethodWorker.invokeTestMethods(TestMethodWorker.java:125)
	at org.testng.internal.TestMethodWorker.run(TestMethodWorker.java:108)
	at org.testng.TestRunner.privateRun(TestRunner.java:771)
	at org.testng.TestRunner.run(TestRunner.java:621)
	at org.testng.SuiteRunner.runTest(SuiteRunner.java:357)
	at org.testng.SuiteRunner.runSequentially(SuiteRunner.java:352)
	at org.testng.SuiteRunner.privateRun(SuiteRunner.java:310)
	at org.testng.SuiteRunner.run(SuiteRunner.java:259)
	at org.testng.SuiteRunnerWorker.runSuite(SuiteRunnerWorker.java:52)
	at org.testng.SuiteRunnerWorker.run(SuiteRunnerWorker.java:86)
	at org.testng.TestNG.runSuitesSequentially(TestNG.java:1199)
	at org.testng.TestNG.runSuitesLocally(TestNG.java:1124)
	at org.testng.TestNG.run(TestNG.java:1032)
	at org.testng.remote.RemoteTestNG.run(RemoteTestNG.java:111)
	at org.testng.remote.RemoteTestNG.initAndRun(RemoteTestNG.java:204)
	at org.testng.remote.RemoteTestNG.main(RemoteTestNG.java:175)
Caused by: org.openqa.selenium.firefox.NotConnectedException: Unable to connect to host 127.0.0.1 on port 7055 after 45000 ms. Firefox console output:
un@resource://gre/modules/Task.jsm:314:40
TaskImpl@resource://gre/modules/Task.jsm:275:3
createAsyncFunction/asyncFunction@resource://gre/modules/Task.jsm:249:14
loadManifestFromFile@resource://gre/modules/addons/XPIProvider.jsm:1327:12
AddonInstaller.InstallerService._shouldInstall/&lt;@resource://addoninstaller/installerService.js:341:49
safeCall@resource://gre/modules/AddonManager.jsm:173:5
makeSafe/&lt;@resource://gre/modules/AddonManager.jsm:189:25
Handler.prototype.process@resource://gre/modules/Promise.jsm -&gt; resource://gre/modules/Promise-backend.js:934:23
this.PromiseWalker.walkerLoop@resource://gre/modules/Promise.jsm -&gt; resource://gre/modules/Promise-backend.js:813:7
this.PromiseWalker.scheduleWalkerLoop/&lt;@resource://gre/modules/Promise.jsm -&gt; resource://gre/modules/Promise-backend.js:747:1

*************************
*************************
A coding exception was thrown and uncaught in a Task.

Full message: TypeError: aAddon._installLocation is undefined
Full stack: shouldVerifySignedState@resource://gre/modules/addons/XPIProvider.jsm:1530:1
verifyZipSignedState@resource://gre/modules/addons/XPIProvider.jsm:1556:8
loadManifestFromZipReader@resource://gre/modules/addons/XPIProvider.jsm:1287:31
TaskImpl_run@resource://gre/modules/Task.jsm:314:40
TaskImpl@resource://gre/modules/Task.jsm:275:3
createAsyncFunction/asyncFunction@resource://gre/modules/Task.jsm:249:14
loadManifestFromZipFile@resource://gre/modules/addons/XPIProvider.jsm:1317:26
TaskImpl_run@resource://gre/modules/Task.jsm:314:40
TaskImpl@resource://gre/modules/Task.jsm:275:3
createAsyncFunction/asyncFunction@resource://gre/modules/Task.jsm:249:14
loadManifestFromFile@resource://gre/modules/addons/XPIProvider.jsm:1327:12
AddonInstaller.InstallerService._shouldInstall/&lt;@resource://addoninstaller/installerService.js:341:49
safeCall@resource://gre/modules/AddonManager.jsm:173:5
makeSafe/&lt;@resource://gre/modules/AddonManager.jsm:189:25
Handler.prototype.process@resource://gre/modules/Promise.jsm -&gt; resource://gre/modules/Promise-backend.js:934:23
this.PromiseWalker.walkerLoop@resource://gre/modules/Promise.jsm -&gt; resource://gre/modules/Promise-backend.js:813:7
this.PromiseWalker.scheduleWalkerLoop/&lt;@resource://gre/modules/Promise.jsm -&gt; resource://gre/modules/Promise-backend.js:747:1

*************************
*************************
A coding exception was thrown and uncaught in a Task.

Full message: TypeError: aAddon._installLocation is undefined
Full stack: shouldVerifySignedState@resource://gre/modules/addons/XPIProvider.jsm:1530:1
verifyZipSignedState@resource://gre/modules/addons/XPIProvider.jsm:1556:8
loadManifestFromZipReader@resource://gre/modules/addons/XPIProvider.jsm:1287:31
TaskImpl_run@resource://gre/modules/Task.jsm:314:40
TaskImpl@resource://gre/modules/Task.jsm:275:3
createAsyncFunction/asyncFunction@resource://gre/modules/Task.jsm:249:14
loadManifestFromZipFile@resource://gre/modules/addons/XPIProvider.jsm:1317:26
TaskImpl_run@resource://gre/modules/Task.jsm:314:40
TaskImpl@resource://gre/modules/Task.jsm:275:3
createAsyncFunction/asyncFunction@resource://gre/modules/Task.jsm:249:14
loadManifestFromFile@resource://gre/modules/addons/XPIProvider.jsm:1327:12
AddonInstaller.InstallerService._shouldInstall/&lt;@resource://addoninstaller/installerService.js:341:49
safeCall@resource://gre/modules/AddonManager.jsm:173:5
makeSafe/&lt;@resource://gre/modules/AddonManager.jsm:189:25
Handler.prototype.process@resource://gre/modules/Promise.jsm -&gt; resource://gre/modules/Promise-backend.js:934:23
this.PromiseWalker.walkerLoop@resource://gre/modules/Promise.jsm -&gt; resource://gre/modules/Promise-backend.js:813:7
this.PromiseWalker.scheduleWalkerLoop/&lt;@resource://gre/modules/Promise.jsm -&gt; resource://gre/modules/Promise-backend.js:747:1

*************************
1456752565086	addons.manager	DEBUG	Starting provider: &lt;unnamed-provider&gt;
1456752565086	addons.manager	DEBUG	Registering shutdown blocker for &lt;unnamed-provider&gt;
1456752565087	addons.manager	DEBUG	Provider finished startup: &lt;unnamed-provider&gt;

	at org.openqa.selenium.firefox.internal.NewProfileExtensionConnection.start(NewProfileExtensionConnection.java:118)
	... 32 more
</div></td></tr></table><p class="totop"><a href="#summary">back to summary</a></p></body></html>