<?xml version="1.0" encoding="UTF-8"?>
<testng-results skipped="0" failed="1" total="1" passed="0">
  <reporter-output>
  </reporter-output>
  <suite name="Default suite" duration-ms="56103" started-at="2016-02-29T13:29:13Z" finished-at="2016-02-29T13:30:09Z">
    <groups>
    </groups>
    <test name="Default test" duration-ms="56103" started-at="2016-02-29T13:29:13Z" finished-at="2016-02-29T13:30:09Z">
      <class name="test5.test5.NewTest">
        <test-method status="FAIL" signature="f()[pri:0, instance:test5.test5.NewTest@580929]" name="f" duration-ms="56072" started-at="2016-02-29T21:29:13Z" finished-at="2016-02-29T21:30:09Z">
          <exception class="org.openqa.selenium.WebDriverException">
            <message>
              <![CDATA[Failed to connect to binary FirefoxBinary(C:\Program Files\Mozilla Firefox\firefox.exe) on port 7055; process output follows: 
un@resource://gre/modules/Task.jsm:314:40
TaskImpl@resource://gre/modules/Task.jsm:275:3
createAsyncFunction/asyncFunction@resource://gre/modules/Task.jsm:249:14
loadManifestFromFile@resource://gre/modules/addons/XPIProvider.jsm:1327:12
AddonInstaller.InstallerService._shouldInstall/<@resource://addoninstaller/installerService.js:341:49
safeCall@resource://gre/modules/AddonManager.jsm:173:5
makeSafe/<@resource://gre/modules/AddonManager.jsm:189:25
Handler.prototype.process@resource://gre/modules/Promise.jsm -> resource://gre/modules/Promise-backend.js:934:23
this.PromiseWalker.walkerLoop@resource://gre/modules/Promise.jsm -> resource://gre/modules/Promise-backend.js:813:7
this.PromiseWalker.scheduleWalkerLoop/<@resource://gre/modules/Promise.jsm -> resource://gre/modules/Promise-backend.js:747:1

*************************
*************************
A coding exception was thrown and uncaught in a Task.

Full message: TypeError: aAddon._installLocation is undefined
Full stack: shouldVerifySignedState@resource://gre/modules/addons/XPIProvider.jsm:1530:1
verifyZipSignedState@resource://gre/modules/addons/XPIProvider.jsm:1556:8
loadManifestFromZipReader@resource://gre/modules/addons/XPIProvider.jsm:1287:31
TaskImpl_run@resource://gre/modules/Task.jsm:314:40
TaskImpl@resource://gre/modules/Task.jsm:275:3
createAsyncFunction/asyncFunction@resource://gre/modules/Task.jsm:249:14
loadManifestFromZipFile@resource://gre/modules/addons/XPIProvider.jsm:1317:26
TaskImpl_run@resource://gre/modules/Task.jsm:314:40
TaskImpl@resource://gre/modules/Task.jsm:275:3
createAsyncFunction/asyncFunction@resource://gre/modules/Task.jsm:249:14
loadManifestFromFile@resource://gre/modules/addons/XPIProvider.jsm:1327:12
AddonInstaller.InstallerService._shouldInstall/<@resource://addoninstaller/installerService.js:341:49
safeCall@resource://gre/modules/AddonManager.jsm:173:5
makeSafe/<@resource://gre/modules/AddonManager.jsm:189:25
Handler.prototype.process@resource://gre/modules/Promise.jsm -> resource://gre/modules/Promise-backend.js:934:23
this.PromiseWalker.walkerLoop@resource://gre/modules/Promise.jsm -> resource://gre/modules/Promise-backend.js:813:7
this.PromiseWalker.scheduleWalkerLoop/<@resource://gre/modules/Promise.jsm -> resource://gre/modules/Promise-backend.js:747:1

*************************
*************************
A coding exception was thrown and uncaught in a Task.

Full message: TypeError: aAddon._installLocation is undefined
Full stack: shouldVerifySignedState@resource://gre/modules/addons/XPIProvider.jsm:1530:1
verifyZipSignedState@resource://gre/modules/addons/XPIProvider.jsm:1556:8
loadManifestFromZipReader@resource://gre/modules/addons/XPIProvider.jsm:1287:31
TaskImpl_run@resource://gre/modules/Task.jsm:314:40
TaskImpl@resource://gre/modules/Task.jsm:275:3
createAsyncFunction/asyncFunction@resource://gre/modules/Task.jsm:249:14
loadManifestFromZipFile@resource://gre/modules/addons/XPIProvider.jsm:1317:26
TaskImpl_run@resource://gre/modules/Task.jsm:314:40
TaskImpl@resource://gre/modules/Task.jsm:275:3
createAsyncFunction/asyncFunction@resource://gre/modules/Task.jsm:249:14
loadManifestFromFile@resource://gre/modules/addons/XPIProvider.jsm:1327:12
AddonInstaller.InstallerService._shouldInstall/<@resource://addoninstaller/installerService.js:341:49
safeCall@resource://gre/modules/AddonManager.jsm:173:5
makeSafe/<@resource://gre/modules/AddonManager.jsm:189:25
Handler.prototype.process@resource://gre/modules/Promise.jsm -> resource://gre/modules/Promise-backend.js:934:23
this.PromiseWalker.walkerLoop@resource://gre/modules/Promise.jsm -> resource://gre/modules/Promise-backend.js:813:7
this.PromiseWalker.scheduleWalkerLoop/<@resource://gre/modules/Promise.jsm -> resource://gre/modules/Promise-backend.js:747:1

*************************
1456752565086	addons.manager	DEBUG	Starting provider: <unnamed-provider>
1456752565086	addons.manager	DEBUG	Registering shutdown blocker for <unnamed-provider>
1456752565087	addons.manager	DEBUG	Provider finished startup: <unnamed-provider>

Build info: version: '2.45.0', revision: '5017cb8e7ca8e37638dc3091b2440b90a1d8686f', time: '2015-02-27 09:10:26'
System info: host: 'WIN-2E3NJE2T6HG', ip: '192.168.0.102', os.name: 'Windows 7', os.arch: 'x86', os.version: '6.1', java.version: '1.8.0_51'
Driver info: driver.version: FirefoxDriver]]>
            </message>
            <full-stacktrace>
              <![CDATA[org.openqa.selenium.WebDriverException: Failed to connect to binary FirefoxBinary(C:\Program Files\Mozilla Firefox\firefox.exe) on port 7055; process output follows: 
un@resource://gre/modules/Task.jsm:314:40
TaskImpl@resource://gre/modules/Task.jsm:275:3
createAsyncFunction/asyncFunction@resource://gre/modules/Task.jsm:249:14
loadManifestFromFile@resource://gre/modules/addons/XPIProvider.jsm:1327:12
AddonInstaller.InstallerService._shouldInstall/<@resource://addoninstaller/installerService.js:341:49
safeCall@resource://gre/modules/AddonManager.jsm:173:5
makeSafe/<@resource://gre/modules/AddonManager.jsm:189:25
Handler.prototype.process@resource://gre/modules/Promise.jsm -> resource://gre/modules/Promise-backend.js:934:23
this.PromiseWalker.walkerLoop@resource://gre/modules/Promise.jsm -> resource://gre/modules/Promise-backend.js:813:7
this.PromiseWalker.scheduleWalkerLoop/<@resource://gre/modules/Promise.jsm -> resource://gre/modules/Promise-backend.js:747:1

*************************
*************************
A coding exception was thrown and uncaught in a Task.

Full message: TypeError: aAddon._installLocation is undefined
Full stack: shouldVerifySignedState@resource://gre/modules/addons/XPIProvider.jsm:1530:1
verifyZipSignedState@resource://gre/modules/addons/XPIProvider.jsm:1556:8
loadManifestFromZipReader@resource://gre/modules/addons/XPIProvider.jsm:1287:31
TaskImpl_run@resource://gre/modules/Task.jsm:314:40
TaskImpl@resource://gre/modules/Task.jsm:275:3
createAsyncFunction/asyncFunction@resource://gre/modules/Task.jsm:249:14
loadManifestFromZipFile@resource://gre/modules/addons/XPIProvider.jsm:1317:26
TaskImpl_run@resource://gre/modules/Task.jsm:314:40
TaskImpl@resource://gre/modules/Task.jsm:275:3
createAsyncFunction/asyncFunction@resource://gre/modules/Task.jsm:249:14
loadManifestFromFile@resource://gre/modules/addons/XPIProvider.jsm:1327:12
AddonInstaller.InstallerService._shouldInstall/<@resource://addoninstaller/installerService.js:341:49
safeCall@resource://gre/modules/AddonManager.jsm:173:5
makeSafe/<@resource://gre/modules/AddonManager.jsm:189:25
Handler.prototype.process@resource://gre/modules/Promise.jsm -> resource://gre/modules/Promise-backend.js:934:23
this.PromiseWalker.walkerLoop@resource://gre/modules/Promise.jsm -> resource://gre/modules/Promise-backend.js:813:7
this.PromiseWalker.scheduleWalkerLoop/<@resource://gre/modules/Promise.jsm -> resource://gre/modules/Promise-backend.js:747:1

*************************
*************************
A coding exception was thrown and uncaught in a Task.

Full message: TypeError: aAddon._installLocation is undefined
Full stack: shouldVerifySignedState@resource://gre/modules/addons/XPIProvider.jsm:1530:1
verifyZipSignedState@resource://gre/modules/addons/XPIProvider.jsm:1556:8
loadManifestFromZipReader@resource://gre/modules/addons/XPIProvider.jsm:1287:31
TaskImpl_run@resource://gre/modules/Task.jsm:314:40
TaskImpl@resource://gre/modules/Task.jsm:275:3
createAsyncFunction/asyncFunction@resource://gre/modules/Task.jsm:249:14
loadManifestFromZipFile@resource://gre/modules/addons/XPIProvider.jsm:1317:26
TaskImpl_run@resource://gre/modules/Task.jsm:314:40
TaskImpl@resource://gre/modules/Task.jsm:275:3
createAsyncFunction/asyncFunction@resource://gre/modules/Task.jsm:249:14
loadManifestFromFile@resource://gre/modules/addons/XPIProvider.jsm:1327:12
AddonInstaller.InstallerService._shouldInstall/<@resource://addoninstaller/installerService.js:341:49
safeCall@resource://gre/modules/AddonManager.jsm:173:5
makeSafe/<@resource://gre/modules/AddonManager.jsm:189:25
Handler.prototype.process@resource://gre/modules/Promise.jsm -> resource://gre/modules/Promise-backend.js:934:23
this.PromiseWalker.walkerLoop@resource://gre/modules/Promise.jsm -> resource://gre/modules/Promise-backend.js:813:7
this.PromiseWalker.scheduleWalkerLoop/<@resource://gre/modules/Promise.jsm -> resource://gre/modules/Promise-backend.js:747:1

*************************
1456752565086	addons.manager	DEBUG	Starting provider: <unnamed-provider>
1456752565086	addons.manager	DEBUG	Registering shutdown blocker for <unnamed-provider>
1456752565087	addons.manager	DEBUG	Provider finished startup: <unnamed-provider>

Build info: version: '2.45.0', revision: '5017cb8e7ca8e37638dc3091b2440b90a1d8686f', time: '2015-02-27 09:10:26'
System info: host: 'WIN-2E3NJE2T6HG', ip: '192.168.0.102', os.name: 'Windows 7', os.arch: 'x86', os.version: '6.1', java.version: '1.8.0_51'
Driver info: driver.version: FirefoxDriver
	at org.openqa.selenium.firefox.internal.NewProfileExtensionConnection.start(NewProfileExtensionConnection.java:130)
	at org.openqa.selenium.firefox.FirefoxDriver.startClient(FirefoxDriver.java:246)
	at org.openqa.selenium.remote.RemoteWebDriver.<init>(RemoteWebDriver.java:114)
	at org.openqa.selenium.firefox.FirefoxDriver.<init>(FirefoxDriver.java:191)
	at org.openqa.selenium.firefox.FirefoxDriver.<init>(FirefoxDriver.java:186)
	at org.openqa.selenium.firefox.FirefoxDriver.<init>(FirefoxDriver.java:182)
	at org.openqa.selenium.firefox.FirefoxDriver.<init>(FirefoxDriver.java:95)
	at test5.test5.firefox.openBaidu(firefox.java:61)
	at test5.test5.NewTest.f(NewTest.java:12)
	at sun.reflect.NativeMethodAccessorImpl.invoke0(Native Method)
	at sun.reflect.NativeMethodAccessorImpl.invoke(Unknown Source)
	at sun.reflect.DelegatingMethodAccessorImpl.invoke(Unknown Source)
	at java.lang.reflect.Method.invoke(Unknown Source)
	at org.testng.internal.MethodInvocationHelper.invokeMethod(MethodInvocationHelper.java:85)
	at org.testng.internal.Invoker.invokeMethod(Invoker.java:659)
	at org.testng.internal.Invoker.invokeTestMethod(Invoker.java:845)
	at org.testng.internal.Invoker.invokeTestMethods(Invoker.java:1153)
	at org.testng.internal.TestMethodWorker.invokeTestMethods(TestMethodWorker.java:125)
	at org.testng.internal.TestMethodWorker.run(TestMethodWorker.java:108)
	at org.testng.TestRunner.privateRun(TestRunner.java:771)
	at org.testng.TestRunner.run(TestRunner.java:621)
	at org.testng.SuiteRunner.runTest(SuiteRunner.java:357)
	at org.testng.SuiteRunner.runSequentially(SuiteRunner.java:352)
	at org.testng.SuiteRunner.privateRun(SuiteRunner.java:310)
	at org.testng.SuiteRunner.run(SuiteRunner.java:259)
	at org.testng.SuiteRunnerWorker.runSuite(SuiteRunnerWorker.java:52)
	at org.testng.SuiteRunnerWorker.run(SuiteRunnerWorker.java:86)
	at org.testng.TestNG.runSuitesSequentially(TestNG.java:1199)
	at org.testng.TestNG.runSuitesLocally(TestNG.java:1124)
	at org.testng.TestNG.run(TestNG.java:1032)
	at org.testng.remote.RemoteTestNG.run(RemoteTestNG.java:111)
	at org.testng.remote.RemoteTestNG.initAndRun(RemoteTestNG.java:204)
	at org.testng.remote.RemoteTestNG.main(RemoteTestNG.java:175)
Caused by: org.openqa.selenium.firefox.NotConnectedException: Unable to connect to host 127.0.0.1 on port 7055 after 45000 ms. Firefox console output:
un@resource://gre/modules/Task.jsm:314:40
TaskImpl@resource://gre/modules/Task.jsm:275:3
createAsyncFunction/asyncFunction@resource://gre/modules/Task.jsm:249:14
loadManifestFromFile@resource://gre/modules/addons/XPIProvider.jsm:1327:12
AddonInstaller.InstallerService._shouldInstall/<@resource://addoninstaller/installerService.js:341:49
safeCall@resource://gre/modules/AddonManager.jsm:173:5
makeSafe/<@resource://gre/modules/AddonManager.jsm:189:25
Handler.prototype.process@resource://gre/modules/Promise.jsm -> resource://gre/modules/Promise-backend.js:934:23
this.PromiseWalker.walkerLoop@resource://gre/modules/Promise.jsm -> resource://gre/modules/Promise-backend.js:813:7
this.PromiseWalker.scheduleWalkerLoop/<@resource://gre/modules/Promise.jsm -> resource://gre/modules/Promise-backend.js:747:1

*************************
*************************
A coding exception was thrown and uncaught in a Task.

Full message: TypeError: aAddon._installLocation is undefined
Full stack: shouldVerifySignedState@resource://gre/modules/addons/XPIProvider.jsm:1530:1
verifyZipSignedState@resource://gre/modules/addons/XPIProvider.jsm:1556:8
loadManifestFromZipReader@resource://gre/modules/addons/XPIProvider.jsm:1287:31
TaskImpl_run@resource://gre/modules/Task.jsm:314:40
TaskImpl@resource://gre/modules/Task.jsm:275:3
createAsyncFunction/asyncFunction@resource://gre/modules/Task.jsm:249:14
loadManifestFromZipFile@resource://gre/modules/addons/XPIProvider.jsm:1317:26
TaskImpl_run@resource://gre/modules/Task.jsm:314:40
TaskImpl@resource://gre/modules/Task.jsm:275:3
createAsyncFunction/asyncFunction@resource://gre/modules/Task.jsm:249:14
loadManifestFromFile@resource://gre/modules/addons/XPIProvider.jsm:1327:12
AddonInstaller.InstallerService._shouldInstall/<@resource://addoninstaller/installerService.js:341:49
safeCall@resource://gre/modules/AddonManager.jsm:173:5
makeSafe/<@resource://gre/modules/AddonManager.jsm:189:25
Handler.prototype.process@resource://gre/modules/Promise.jsm -> resource://gre/modules/Promise-backend.js:934:23
this.PromiseWalker.walkerLoop@resource://gre/modules/Promise.jsm -> resource://gre/modules/Promise-backend.js:813:7
this.PromiseWalker.scheduleWalkerLoop/<@resource://gre/modules/Promise.jsm -> resource://gre/modules/Promise-backend.js:747:1

*************************
*************************
A coding exception was thrown and uncaught in a Task.

Full message: TypeError: aAddon._installLocation is undefined
Full stack: shouldVerifySignedState@resource://gre/modules/addons/XPIProvider.jsm:1530:1
verifyZipSignedState@resource://gre/modules/addons/XPIProvider.jsm:1556:8
loadManifestFromZipReader@resource://gre/modules/addons/XPIProvider.jsm:1287:31
TaskImpl_run@resource://gre/modules/Task.jsm:314:40
TaskImpl@resource://gre/modules/Task.jsm:275:3
createAsyncFunction/asyncFunction@resource://gre/modules/Task.jsm:249:14
loadManifestFromZipFile@resource://gre/modules/addons/XPIProvider.jsm:1317:26
TaskImpl_run@resource://gre/modules/Task.jsm:314:40
TaskImpl@resource://gre/modules/Task.jsm:275:3
createAsyncFunction/asyncFunction@resource://gre/modules/Task.jsm:249:14
loadManifestFromFile@resource://gre/modules/addons/XPIProvider.jsm:1327:12
AddonInstaller.InstallerService._shouldInstall/<@resource://addoninstaller/installerService.js:341:49
safeCall@resource://gre/modules/AddonManager.jsm:173:5
makeSafe/<@resource://gre/modules/AddonManager.jsm:189:25
Handler.prototype.process@resource://gre/modules/Promise.jsm -> resource://gre/modules/Promise-backend.js:934:23
this.PromiseWalker.walkerLoop@resource://gre/modules/Promise.jsm -> resource://gre/modules/Promise-backend.js:813:7
this.PromiseWalker.scheduleWalkerLoop/<@resource://gre/modules/Promise.jsm -> resource://gre/modules/Promise-backend.js:747:1

*************************
1456752565086	addons.manager	DEBUG	Starting provider: <unnamed-provider>
1456752565086	addons.manager	DEBUG	Registering shutdown blocker for <unnamed-provider>
1456752565087	addons.manager	DEBUG	Provider finished startup: <unnamed-provider>

	at org.openqa.selenium.firefox.internal.NewProfileExtensionConnection.start(NewProfileExtensionConnection.java:118)
	... 32 more
]]>
            </full-stacktrace>
          </exception> <!-- org.openqa.selenium.WebDriverException -->
          <reporter-output>
          </reporter-output>
        </test-method> <!-- f -->
      </class> <!-- test5.test5.NewTest -->
    </test> <!-- Default test -->
  </suite> <!-- Default suite -->
</testng-results>
